# JRE version: Java(TM) SE Runtime Environment (8.0_181-b13) (build 1.8.0_181-b13)
# Java VM: Java HotSpot(TM) 64-Bit Server VM (25.181-b13 mixed mode linux-amd64 compressed oops)
Heap:
 PSYoungGen      total 25600K, used 647K [0x00000000e3d80000, 0x00000000e5a00000, 0x0000000100000000)
  eden space 22016K, 2% used [0x00000000e3d80000,0x00000000e3e21c30,0x00000000e5300000)
  from space 3584K, 0% used [0x00000000e5300000,0x00000000e5300000,0x00000000e5680000)
  to   space 3584K, 0% used [0x00000000e5680000,0x00000000e5680000,0x00000000e5a00000)
 ParOldGen       total 32768K, used 7418K [0x00000000ab800000, 0x00000000ad800000, 0x00000000e3d80000)
  object space 32768K, 22% used [0x00000000ab800000,0x00000000abf3e978,0x00000000ad800000)
 Metaspace       used 20221K, capacity 21210K, committed 21504K, reserved 1067008K
  class space    used 2782K, capacity 3019K, committed 3072K, reserved 1048576K
GC Heap History (8 events):
Event: 3.264 GC heap before
{Heap before GC invocations=1 (full 0):
 PSYoungGen      total 25600K, used 22016K [0x00000000e3d80000, 0x00000000e5a00000, 0x0000000100000000)
  eden space 22016K, 100% used [0x00000000e3d80000,0x00000000e5300000,0x00000000e5300000)
  from space 3584K, 0% used [0x00000000e5680000,0x00000000e5680000,0x00000000e5a00000)
  to   space 3584K, 0% used [0x00000000e5300000,0x00000000e5300000,0x00000000e5680000)
 ParOldGen       total 58880K, used 0K [0x00000000ab800000, 0x00000000af180000, 0x00000000e3d80000)
  object space 58880K, 0% used [0x00000000ab800000,0x00000000ab800000,0x00000000af180000)
 Metaspace       used 12598K, capacity 13038K, committed 13184K, reserved 1060864K
  class space    used 1678K, capacity 1827K, committed 1920K, reserved 1048576K
Event: 3.284 GC heap after
Heap after GC invocations=1 (full 0):
 PSYoungGen      total 25600K, used 3568K [0x00000000e3d80000, 0x00000000e5a00000, 0x0000000100000000)
  eden space 22016K, 0% used [0x00000000e3d80000,0x00000000e3d80000,0x00000000e5300000)
  from space 3584K, 99% used [0x00000000e5300000,0x00000000e567c030,0x00000000e5680000)
  to   space 3584K, 0% used [0x00000000e5680000,0x00000000e5680000,0x00000000e5a00000)
 ParOldGen       total 58880K, used 787K [0x00000000ab800000, 0x00000000af180000, 0x00000000e3d80000)
  object space 58880K, 1% used [0x00000000ab800000,0x00000000ab8c4ce8,0x00000000af180000)
 Metaspace       used 12598K, capacity 13038K, committed 13184K, reserved 1060864K
  class space    used 1678K, capacity 1827K, committed 1920K, reserved 1048576K
}
Event: 12.917 GC heap before
{Heap before GC invocations=2 (full 0):
 PSYoungGen      total 25600K, used 25584K [0x00000000e3d80000, 0x00000000e5a00000, 0x0000000100000000)
  eden space 22016K, 100% used [0x00000000e3d80000,0x00000000e5300000,0x00000000e5300000)
  from space 3584K, 99% used [0x00000000e5300000,0x00000000e567c030,0x00000000e5680000)
  to   space 3584K, 0% used [0x00000000e5680000,0x00000000e5680000,0x00000000e5a00000)
 ParOldGen       total 58880K, used 787K [0x00000000ab800000, 0x00000000af180000, 0x00000000e3d80000)
  object space 58880K, 1% used [0x00000000ab800000,0x00000000ab8c4ce8,0x00000000af180000)
 Metaspace       used 18834K, capacity 19632K, committed 19840K, reserved 1067008K
  class space    used 2671K, capacity 2908K, committed 2944K, reserved 1048576K
Event: 12.941 GC heap after
Heap after GC invocations=2 (full 0):
 PSYoungGen      total 25600K, used 3568K [0x00000000e3d80000, 0x00000000e5a00000, 0x0000000100000000)
  eden space 22016K, 0% used [0x00000000e3d80000,0x00000000e3d80000,0x00000000e5300000)
  from space 3584K, 99% used [0x00000000e5680000,0x00000000e59fc050,0x00000000e5a00000)
  to   space 3584K, 0% used [0x00000000e5300000,0x00000000e5300000,0x00000000e5680000)
 ParOldGen       total 58880K, used 3767K [0x00000000ab800000, 0x00000000af180000, 0x00000000e3d80000)
  object space 58880K, 6% used [0x00000000ab800000,0x00000000abbadd18,0x00000000af180000)
 Metaspace       used 18834K, capacity 19632K, committed 19840K, reserved 1067008K
  class space    used 2671K, capacity 2908K, committed 2944K, reserved 1048576K
}
Event: 34.700 GC heap before
{Heap before GC invocations=3 (full 0):
 PSYoungGen      total 25600K, used 23704K [0x00000000e3d80000, 0x00000000e5a00000, 0x0000000100000000)
  eden space 22016K, 91% used [0x00000000e3d80000,0x00000000e5129fd8,0x00000000e5300000)
  from space 3584K, 99% used [0x00000000e5680000,0x00000000e59fc050,0x00000000e5a00000)
  to   space 3584K, 0% used [0x00000000e5300000,0x00000000e5300000,0x00000000e5680000)
 ParOldGen       total 58880K, used 3767K [0x00000000ab800000, 0x00000000af180000, 0x00000000e3d80000)
  object space 58880K, 6% used [0x00000000ab800000,0x00000000abbadd18,0x00000000af180000)
 Metaspace       used 20221K, capacity 21146K, committed 21248K, reserved 1067008K
  class space    used 2782K, capacity 3019K, committed 3072K, reserved 1048576K
Event: 34.723 GC heap after
Heap after GC invocations=3 (full 0):
 PSYoungGen      total 25600K, used 3552K [0x00000000e3d80000, 0x00000000e5a00000, 0x0000000100000000)
  eden space 22016K, 0% used [0x00000000e3d80000,0x00000000e3d80000,0x00000000e5300000)
  from space 3584K, 99% used [0x00000000e5300000,0x00000000e5678048,0x00000000e5680000)
  to   space 3584K, 0% used [0x00000000e5680000,0x00000000e5680000,0x00000000e5a00000)
 ParOldGen       total 58880K, used 4874K [0x00000000ab800000, 0x00000000af180000, 0x00000000e3d80000)
  object space 58880K, 8% used [0x00000000ab800000,0x00000000abcc2b38,0x00000000af180000)
 Metaspace       used 20221K, capacity 21146K, committed 21248K, reserved 1067008K
  class space    used 2782K, capacity 3019K, committed 3072K, reserved 1048576K
}
Event: 34.723 GC heap before
{Heap before GC invocations=4 (full 1):
 PSYoungGen      total 25600K, used 3552K [0x00000000e3d80000, 0x00000000e5a00000, 0x0000000100000000)
  eden space 22016K, 0% used [0x00000000e3d80000,0x00000000e3d80000,0x00000000e5300000)
  from space 3584K, 99% used [0x00000000e5300000,0x00000000e5678048,0x00000000e5680000)
  to   space 3584K, 0% used [0x00000000e5680000,0x00000000e5680000,0x00000000e5a00000)
 ParOldGen       total 58880K, used 4874K [0x00000000ab800000, 0x00000000af180000, 0x00000000e3d80000)
  object space 58880K, 8% used [0x00000000ab800000,0x00000000abcc2b38,0x00000000af180000)
 Metaspace       used 20221K, capacity 21146K, committed 21248K, reserved 1067008K
  class space    used 2782K, capacity 3019K, committed 3072K, reserved 1048576K
Event: 34.831 GC heap after
Heap after GC invocations=4 (full 1):
 PSYoungGen      total 25600K, used 0K [0x00000000e3d80000, 0x00000000e5a00000, 0x0000000100000000)
  eden space 22016K, 0% used [0x00000000e3d80000,0x00000000e3d80000,0x00000000e5300000)
  from space 3584K, 0% used [0x00000000e5300000,0x00000000e5300000,0x00000000e5680000)
  to   space 3584K, 0% used [0x00000000e5680000,0x00000000e5680000,0x00000000e5a00000)
 ParOldGen       total 32768K, used 7418K [0x00000000ab800000, 0x00000000ad800000, 0x00000000e3d80000)
  object space 32768K, 22% used [0x00000000ab800000,0x00000000abf3e978,0x00000000ad800000)
 Metaspace       used 20221K, capacity 21146K, committed 21248K, reserved 1067008K
  class space    used 2782K, capacity 3019K, committed 3072K, reserved 1048576K
}

