# JRE version: Java(TM) SE Runtime Environment (8.0_181-b13) (build 1.8.0_181-b13)
# Java VM: Java HotSpot(TM) 64-Bit Server VM (25.181-b13 mixed mode linux-amd64 compressed oops)
Heap:
 PSYoungGen      total 25600K, used 8855K [0x00000000e3d80000, 0x00000000e5a00000, 0x0000000100000000)
  eden space 22016K, 24% used [0x00000000e3d80000,0x00000000e42adca8,0x00000000e5300000)
  from space 3584K, 99% used [0x00000000e5680000,0x00000000e59f8020,0x00000000e5a00000)
  to   space 3584K, 0% used [0x00000000e5300000,0x00000000e5300000,0x00000000e5680000)
 ParOldGen       total 58880K, used 3934K [0x00000000ab800000, 0x00000000af180000, 0x00000000e3d80000)
  object space 58880K, 6% used [0x00000000ab800000,0x00000000abbd7b28,0x00000000af180000)
 Metaspace       used 19553K, capacity 20432K, committed 20736K, reserved 1067008K
  class space    used 2737K, capacity 2970K, committed 3072K, reserved 1048576K
GC Heap History (4 events):
Event: 2.537 GC heap before
{Heap before GC invocations=1 (full 0):
 PSYoungGen      total 25600K, used 22016K [0x00000000e3d80000, 0x00000000e5a00000, 0x0000000100000000)
  eden space 22016K, 100% used [0x00000000e3d80000,0x00000000e5300000,0x00000000e5300000)
  from space 3584K, 0% used [0x00000000e5680000,0x00000000e5680000,0x00000000e5a00000)
  to   space 3584K, 0% used [0x00000000e5300000,0x00000000e5300000,0x00000000e5680000)
 ParOldGen       total 58880K, used 0K [0x00000000ab800000, 0x00000000af180000, 0x00000000e3d80000)
  object space 58880K, 0% used [0x00000000ab800000,0x00000000ab800000,0x00000000af180000)
 Metaspace       used 12607K, capacity 13034K, committed 13184K, reserved 1060864K
  class space    used 1678K, capacity 1827K, committed 1920K, reserved 1048576K
Event: 2.561 GC heap after
Heap after GC invocations=1 (full 0):
 PSYoungGen      total 25600K, used 3552K [0x00000000e3d80000, 0x00000000e5a00000, 0x0000000100000000)
  eden space 22016K, 0% used [0x00000000e3d80000,0x00000000e3d80000,0x00000000e5300000)
  from space 3584K, 99% used [0x00000000e5300000,0x00000000e5678020,0x00000000e5680000)
  to   space 3584K, 0% used [0x00000000e5680000,0x00000000e5680000,0x00000000e5a00000)
 ParOldGen       total 58880K, used 827K [0x00000000ab800000, 0x00000000af180000, 0x00000000e3d80000)
  object space 58880K, 1% used [0x00000000ab800000,0x00000000ab8cecd8,0x00000000af180000)
 Metaspace       used 12607K, capacity 13034K, committed 13184K, reserved 1060864K
  class space    used 1678K, capacity 1827K, committed 1920K, reserved 1048576K
}
Event: 12.342 GC heap before
{Heap before GC invocations=2 (full 0):
 PSYoungGen      total 25600K, used 25568K [0x00000000e3d80000, 0x00000000e5a00000, 0x0000000100000000)
  eden space 22016K, 100% used [0x00000000e3d80000,0x00000000e5300000,0x00000000e5300000)
  from space 3584K, 99% used [0x00000000e5300000,0x00000000e5678020,0x00000000e5680000)
  to   space 3584K, 0% used [0x00000000e5680000,0x00000000e5680000,0x00000000e5a00000)
 ParOldGen       total 58880K, used 827K [0x00000000ab800000, 0x00000000af180000, 0x00000000e3d80000)
  object space 58880K, 1% used [0x00000000ab800000,0x00000000ab8cecd8,0x00000000af180000)
 Metaspace       used 19081K, capacity 19934K, committed 20096K, reserved 1067008K
  class space    used 2708K, capacity 2921K, committed 2944K, reserved 1048576K
Event: 12.366 GC heap after
Heap after GC invocations=2 (full 0):
 PSYoungGen      total 25600K, used 3552K [0x00000000e3d80000, 0x00000000e5a00000, 0x0000000100000000)
  eden space 22016K, 0% used [0x00000000e3d80000,0x00000000e3d80000,0x00000000e5300000)
  from space 3584K, 99% used [0x00000000e5680000,0x00000000e59f8020,0x00000000e5a00000)
  to   space 3584K, 0% used [0x00000000e5300000,0x00000000e5300000,0x00000000e5680000)
 ParOldGen       total 58880K, used 3934K [0x00000000ab800000, 0x00000000af180000, 0x00000000e3d80000)
  object space 58880K, 6% used [0x00000000ab800000,0x00000000abbd7b28,0x00000000af180000)
 Metaspace       used 19081K, capacity 19934K, committed 20096K, reserved 1067008K
  class space    used 2708K, capacity 2921K, committed 2944K, reserved 1048576K
}

