# JRE version: Java(TM) SE Runtime Environment (8.0_181-b13) (build 1.8.0_181-b13)
# Java VM: Java HotSpot(TM) 64-Bit Server VM (25.181-b13 mixed mode linux-amd64 compressed oops)
Heap:
 PSYoungGen      total 25600K, used 15249K [0x00000000e3d80000, 0x00000000e5a00000, 0x0000000100000000)
  eden space 22016K, 53% used [0x00000000e3d80000,0x00000000e48e8650,0x00000000e5300000)
  from space 3584K, 99% used [0x00000000e5680000,0x00000000e59fc060,0x00000000e5a00000)
  to   space 3584K, 0% used [0x00000000e5300000,0x00000000e5300000,0x00000000e5680000)
 ParOldGen       total 58880K, used 4125K [0x00000000ab800000, 0x00000000af180000, 0x00000000e3d80000)
  object space 58880K, 7% used [0x00000000ab800000,0x00000000abc07600,0x00000000af180000)
 Metaspace       used 19732K, capacity 20616K, committed 20864K, reserved 1067008K
  class space    used 2721K, capacity 2940K, committed 2944K, reserved 1048576K
GC Heap History (4 events):
Event: 2.512 GC heap before
{Heap before GC invocations=1 (full 0):
 PSYoungGen      total 25600K, used 22016K [0x00000000e3d80000, 0x00000000e5a00000, 0x0000000100000000)
  eden space 22016K, 100% used [0x00000000e3d80000,0x00000000e5300000,0x00000000e5300000)
  from space 3584K, 0% used [0x00000000e5680000,0x00000000e5680000,0x00000000e5a00000)
  to   space 3584K, 0% used [0x00000000e5300000,0x00000000e5300000,0x00000000e5680000)
 ParOldGen       total 58880K, used 0K [0x00000000ab800000, 0x00000000af180000, 0x00000000e3d80000)
  object space 58880K, 0% used [0x00000000ab800000,0x00000000ab800000,0x00000000af180000)
 Metaspace       used 12609K, capacity 13034K, committed 13184K, reserved 1060864K
  class space    used 1678K, capacity 1827K, committed 1920K, reserved 1048576K
Event: 2.535 GC heap after
Heap after GC invocations=1 (full 0):
 PSYoungGen      total 25600K, used 3568K [0x00000000e3d80000, 0x00000000e5a00000, 0x0000000100000000)
  eden space 22016K, 0% used [0x00000000e3d80000,0x00000000e3d80000,0x00000000e5300000)
  from space 3584K, 99% used [0x00000000e5300000,0x00000000e567c030,0x00000000e5680000)
  to   space 3584K, 0% used [0x00000000e5680000,0x00000000e5680000,0x00000000e5a00000)
 ParOldGen       total 58880K, used 808K [0x00000000ab800000, 0x00000000af180000, 0x00000000e3d80000)
  object space 58880K, 1% used [0x00000000ab800000,0x00000000ab8ca3c8,0x00000000af180000)
 Metaspace       used 12609K, capacity 13034K, committed 13184K, reserved 1060864K
  class space    used 1678K, capacity 1827K, committed 1920K, reserved 1048576K
}
Event: 12.997 GC heap before
{Heap before GC invocations=2 (full 0):
 PSYoungGen      total 25600K, used 25584K [0x00000000e3d80000, 0x00000000e5a00000, 0x0000000100000000)
  eden space 22016K, 100% used [0x00000000e3d80000,0x00000000e5300000,0x00000000e5300000)
  from space 3584K, 99% used [0x00000000e5300000,0x00000000e567c030,0x00000000e5680000)
  to   space 3584K, 0% used [0x00000000e5680000,0x00000000e5680000,0x00000000e5a00000)
 ParOldGen       total 58880K, used 808K [0x00000000ab800000, 0x00000000af180000, 0x00000000e3d80000)
  object space 58880K, 1% used [0x00000000ab800000,0x00000000ab8ca3c8,0x00000000af180000)
 Metaspace       used 19125K, capacity 19962K, committed 20096K, reserved 1067008K
  class space    used 2714K, capacity 2931K, committed 2944K, reserved 1048576K
Event: 13.023 GC heap after
Heap after GC invocations=2 (full 0):
 PSYoungGen      total 25600K, used 3568K [0x00000000e3d80000, 0x00000000e5a00000, 0x0000000100000000)
  eden space 22016K, 0% used [0x00000000e3d80000,0x00000000e3d80000,0x00000000e5300000)
  from space 3584K, 99% used [0x00000000e5680000,0x00000000e59fc060,0x00000000e5a00000)
  to   space 3584K, 0% used [0x00000000e5300000,0x00000000e5300000,0x00000000e5680000)
 ParOldGen       total 58880K, used 4125K [0x00000000ab800000, 0x00000000af180000, 0x00000000e3d80000)
  object space 58880K, 7% used [0x00000000ab800000,0x00000000abc07600,0x00000000af180000)
 Metaspace       used 19125K, capacity 19962K, committed 20096K, reserved 1067008K
  class space    used 2714K, capacity 2931K, committed 2944K, reserved 1048576K
}

